[18:25:51] [main/INFO]: Environment: authHost='https://authserver.mojang.com', accountsHost='https://api.mojang.com', sessionHost='https://sessionserver.mojang.com', servicesHost='https://api.minecraftservices.com', name='PROD'
[18:25:52] [main/INFO]: Found new data pack file/bukkit, loading it automatically
[18:25:52] [main/INFO]: Reloading ResourceManager: Default, skyblockDatapack, bukkit
[18:25:53] [Worker-Main-7/INFO]: Loaded 7 recipes
[18:25:55] [Server thread/INFO]: Starting minecraft server version 1.16.5
[18:25:55] [Server thread/INFO]: Loading properties
[18:25:55] [Server thread/INFO]: This server is running Paper version git-Paper-503 (MC: 1.16.5) (Implementing API version 1.16.5-R0.1-SNAPSHOT)
[18:25:56] [Server thread/INFO]: Debug logging is disabled
[18:25:56] [Server thread/INFO]: Server Ping Player Sample Count: 12
[18:25:56] [Server thread/INFO]: Using 4 threads for Netty based IO
[18:25:56] [Server thread/INFO]: Default game type: SURVIVAL
[18:25:56] [Server thread/INFO]: Generating keypair
[18:25:56] [Server thread/INFO]: Starting Minecraft server on *:25565
[18:25:56] [Server thread/INFO]: Using epoll channel type
[18:25:56] [Server thread/INFO]: Server permissions file permissions.yml is empty, ignoring it
[18:25:56] [Server thread/WARN]: **** SERVER IS RUNNING IN OFFLINE/INSECURE MODE!
[18:25:56] [Server thread/WARN]: The server will make no attempt to authenticate usernames. Beware.
[18:25:56] [Server thread/WARN]: While this makes the game possible to play without internet access, it also opens up the ability for hackers to connect with any username they choose.
[18:25:56] [Server thread/WARN]: To change this, set "online-mode" to "true" in the server.properties file.
[18:25:56] [Server thread/INFO]: Preparing level "world"
[18:25:57] [Server thread/INFO]: ---- Migration of old nether folder required ----
[18:25:57] [Server thread/INFO]: Unfortunately due to the way that Minecraft implemented multiworld support in 1.6, Bukkit requires that you move your nether folder to a new location in order to operate correctly.
[18:25:57] [Server thread/INFO]: We will move this folder for you, but it will mean that you need to move it back should you wish to stop using Bukkit in the future.
[18:25:57] [Server thread/INFO]: Attempting to move world/DIM-1 to world_nether/DIM-1...
[18:25:57] [Server thread/INFO]: Success! To restore nether in the future, simply move world_nether/DIM-1 to world/DIM-1
[18:25:57] [Server thread/INFO]: ---- Migration of old nether folder complete ----
[18:25:57] [Server thread/INFO]: ---- Migration of old the_end folder required ----
[18:25:57] [Server thread/INFO]: Unfortunately due to the way that Minecraft implemented multiworld support in 1.6, Bukkit requires that you move your the_end folder to a new location in order to operate correctly.
[18:25:57] [Server thread/INFO]: We will move this folder for you, but it will mean that you need to move it back should you wish to stop using Bukkit in the future.
[18:25:57] [Server thread/INFO]: Attempting to move world/DIM1 to world_the_end/DIM1...
[18:25:57] [Server thread/INFO]: Success! To restore the_end in the future, simply move world_the_end/DIM1 to world/DIM1
[18:25:57] [Server thread/INFO]: ---- Migration of old the_end folder complete ----
[18:25:57] [Server thread/INFO]: Preparing start region for dimension minecraft:overworld
[18:25:58] [Server thread/INFO]: Loaded 0 spawn chunks for world world
[18:25:58] [Server thread/INFO]: Preparing spawn area: 0%
[18:25:58] [Server thread/INFO]: Preparing spawn area: 0%
[18:25:58] [Server thread/INFO]: Preparing spawn area: 14%
[18:25:59] [Server thread/INFO]: Time elapsed: 1891 ms
[18:25:59] [Server thread/INFO]: Preparing start region for dimension minecraft:the_nether
[18:25:59] [Server thread/INFO]: Loaded 0 spawn chunks for world world_nether
[18:25:59] [Server thread/INFO]: Preparing spawn area: 0%
[18:25:59] [Server thread/INFO]: Time elapsed: 452 ms
[18:25:59] [Server thread/INFO]: Preparing start region for dimension minecraft:the_end
[18:26:00] [Server thread/INFO]: Loaded 0 spawn chunks for world world_the_end
[18:26:00] [Worker-Main-1/INFO]: Preparing spawn area: 0%
[18:26:00] [Worker-Main-1/INFO]: Preparing spawn area: 0%
[18:26:00] [Worker-Main-7/INFO]: Preparing spawn area: 0%
[18:26:01] [Worker-Main-1/INFO]: Preparing spawn area: 0%
[18:26:01] [Worker-Main-1/INFO]: Preparing spawn area: 0%
[18:26:02] [Server thread/INFO]: Time elapsed: 2500 ms
[18:26:02] [Server thread/INFO]: Starting remote control listener
[18:26:02] [Server thread/INFO]: Thread RCON Listener started
[18:26:02] [Server thread/INFO]: RCON running on 0.0.0.0:25575
[18:26:02] [Server thread/INFO]: Running delayed init tasks
[18:26:02] [Server thread/INFO]: Done (6.970s)! For help, type "help"
[18:26:02] [Server thread/INFO]: Timings Reset
[18:28:15] [User Authenticator #1/INFO]: UUID of player *bzgrizzly is d401580e-a65e-3b1c-964b-55d03423503d
[18:28:15] [Server thread/INFO]: *bzgrizzly joined the game
[18:28:15] [Server thread/INFO]: *bzgrizzly[/192.168.32.5:42762] logged in with entity id 21 at ([world]8.5, 64.0, 7.5)
[18:28:47] [Server thread/INFO]: *bzgrizzly lost connection: Disconnected
[18:28:47] [Server thread/INFO]: *bzgrizzly left the game
