[17:38:27] [main/INFO]: Environment: authHost='https://authserver.mojang.com', accountsHost='https://api.mojang.com', sessionHost='https://sessionserver.mojang.com', servicesHost='https://api.minecraftservices.com', name='PROD'
[17:38:28] [main/INFO]: Reloading ResourceManager: Default, bukkit
[17:38:29] [Worker-Main-5/INFO]: Loaded 7 recipes
[17:38:31] [Server thread/INFO]: Starting minecraft server version 1.16.5
[17:38:31] [Server thread/INFO]: Loading properties
[17:38:31] [Server thread/INFO]: This server is running Paper version git-Paper-503 (MC: 1.16.5) (Implementing API version 1.16.5-R0.1-SNAPSHOT)
[17:38:31] [Server thread/INFO]: Debug logging is disabled
[17:38:31] [Server thread/INFO]: Server Ping Player Sample Count: 12
[17:38:31] [Server thread/INFO]: Using 4 threads for Netty based IO
[17:38:31] [Server thread/INFO]: Default game type: SURVIVAL
[17:38:31] [Server thread/INFO]: Generating keypair
[17:38:32] [Server thread/INFO]: Starting Minecraft server on *:25565
[17:38:32] [Server thread/INFO]: Using epoll channel type
[17:38:32] [Server thread/INFO]: Server permissions file permissions.yml is empty, ignoring it
[17:38:32] [Server thread/WARN]: **** SERVER IS RUNNING IN OFFLINE/INSECURE MODE!
[17:38:32] [Server thread/WARN]: The server will make no attempt to authenticate usernames. Beware.
[17:38:32] [Server thread/WARN]: While this makes the game possible to play without internet access, it also opens up the ability for hackers to connect with any username they choose.
[17:38:32] [Server thread/WARN]: To change this, set "online-mode" to "true" in the server.properties file.
[17:38:32] [Server thread/INFO]: Preparing level "world"
[17:38:33] [Server thread/INFO]: Preparing start region for dimension minecraft:overworld
[17:38:34] [Server thread/INFO]: Loaded 0 spawn chunks for world world
[17:38:34] [Server thread/INFO]: Preparing spawn area: 0%
[17:38:34] [Server thread/INFO]: Preparing spawn area: 0%
[17:38:34] [Server thread/INFO]: Preparing spawn area: 0%
[17:38:34] [Server thread/INFO]: Preparing spawn area: 4%
[17:38:36] [Server thread/INFO]: Preparing spawn area: 13%
[17:38:36] [Server thread/INFO]: Preparing spawn area: 13%
[17:38:36] [Server thread/INFO]: Preparing spawn area: 13%
[17:38:36] [Server thread/INFO]: Time elapsed: 3243 ms
[17:38:36] [Server thread/INFO]: Preparing start region for dimension minecraft:the_nether
[17:38:36] [Server thread/INFO]: Loaded 0 spawn chunks for world world_nether
[17:38:36] [Server thread/INFO]: Preparing spawn area: 0%
[17:38:37] [Server thread/INFO]: Preparing spawn area: 33%
[17:38:37] [Worker-Main-8/INFO]: Preparing spawn area: 94%
[17:38:37] [Server thread/INFO]: Time elapsed: 1298 ms
[17:38:37] [Server thread/INFO]: Preparing start region for dimension minecraft:the_end
[17:38:38] [Server thread/INFO]: Loaded 0 spawn chunks for world world_the_end
[17:38:38] [Server thread/INFO]: Preparing spawn area: 0%
[17:38:38] [Server thread/INFO]: Time elapsed: 143 ms
[17:38:38] [Server thread/INFO]: Starting remote control listener
[17:38:38] [Server thread/INFO]: Thread RCON Listener started
[17:38:38] [Server thread/INFO]: RCON running on 0.0.0.0:25575
[17:38:38] [Server thread/INFO]: Running delayed init tasks
[17:38:38] [Server thread/INFO]: Done (6.776s)! For help, type "help"
[17:38:38] [Server thread/INFO]: Timings Reset
[17:38:54] [User Authenticator #1/INFO]: UUID of player *bzgrizzly is d401580e-a65e-3b1c-964b-55d03423503d
[17:38:54] [Server thread/INFO]: *bzgrizzly joined the game
[17:38:54] [Server thread/INFO]: *bzgrizzly[/192.168.16.4:51316] logged in with entity id 236 at ([world]344.162, 72.0, -18.137278)
[17:39:10] [Server thread/INFO]: *bzgrizzly lost connection: Disconnected
[17:39:10] [Server thread/INFO]: *bzgrizzly left the game
