[01:33:05] [main/INFO]: Environment: authHost='https://authserver.mojang.com', accountsHost='https://api.mojang.com', sessionHost='https://sessionserver.mojang.com', servicesHost='https://api.minecraftservices.com', name='PROD'
[01:33:06] [main/WARN]: Ambiguity between arguments [teleport, destination] and [teleport, targets] with inputs: [Player, 0123, @e, dd12be42-52a9-4a91-a8a1-11c01849e498]
[01:33:06] [main/WARN]: Ambiguity between arguments [teleport, location] and [teleport, destination] with inputs: [0.1 -0.5 .9, 0 0 0]
[01:33:06] [main/WARN]: Ambiguity between arguments [teleport, location] and [teleport, targets] with inputs: [0.1 -0.5 .9, 0 0 0]
[01:33:06] [main/WARN]: Ambiguity between arguments [teleport, targets] and [teleport, destination] with inputs: [Player, 0123, dd12be42-52a9-4a91-a8a1-11c01849e498]
[01:33:06] [main/WARN]: Ambiguity between arguments [teleport, targets, location] and [teleport, targets, destination] with inputs: [0.1 -0.5 .9, 0 0 0]
[01:33:06] [main/INFO]: Reloading ResourceManager: Default
[01:33:07] [Worker-Main-14/INFO]: Loaded 7 recipes
[01:33:08] [Worker-Main-14/INFO]: Loaded 927 advancements
[01:33:10] [Server thread/INFO]: Starting minecraft server version 1.16.5
[01:33:10] [Server thread/INFO]: Loading properties
[01:33:10] [Server thread/INFO]: Default game type: SURVIVAL
[01:33:10] [Server thread/INFO]: Generating keypair
[01:33:10] [Server thread/INFO]: Starting Minecraft server on *:25565
[01:33:10] [Server thread/INFO]: Using epoll channel type
[01:33:10] [Server thread/INFO]: Preparing level "world"
[01:33:11] [Server thread/WARN]: Unable to find spawn biome
[01:33:20] [Server thread/INFO]: Preparing start region for dimension minecraft:overworld
[01:33:20] [Worker-Main-8/INFO]: Preparing spawn area: 0%
[01:33:21] [Worker-Main-13/INFO]: Preparing spawn area: 0%
[01:33:21] [Worker-Main-8/INFO]: Preparing spawn area: 0%
[01:33:22] [Worker-Main-13/INFO]: Preparing spawn area: 0%
[01:33:22] [Worker-Main-13/INFO]: Preparing spawn area: 0%
[01:33:23] [Worker-Main-10/INFO]: Preparing spawn area: 2%
[01:33:23] [Worker-Main-9/INFO]: Preparing spawn area: 3%
[01:33:24] [Worker-Main-11/INFO]: Preparing spawn area: 3%
[01:33:24] [Worker-Main-8/INFO]: Preparing spawn area: 6%
[01:33:25] [Worker-Main-11/INFO]: Preparing spawn area: 9%
[01:33:25] [Worker-Main-10/INFO]: Preparing spawn area: 13%
[01:33:26] [Worker-Main-12/INFO]: Preparing spawn area: 13%
[01:33:26] [Worker-Main-13/INFO]: Preparing spawn area: 13%
[01:33:27] [Worker-Main-13/INFO]: Preparing spawn area: 15%
[01:33:27] [Worker-Main-12/INFO]: Preparing spawn area: 18%
[01:33:28] [Worker-Main-14/INFO]: Preparing spawn area: 18%
[01:33:28] [Worker-Main-14/INFO]: Preparing spawn area: 18%
[01:33:29] [Worker-Main-10/INFO]: Preparing spawn area: 24%
[01:33:29] [Worker-Main-14/INFO]: Preparing spawn area: 24%
[01:33:30] [Worker-Main-14/INFO]: Preparing spawn area: 27%
[01:33:30] [Worker-Main-12/INFO]: Preparing spawn area: 27%
[01:33:31] [Worker-Main-13/INFO]: Preparing spawn area: 27%
[01:33:31] [Worker-Main-14/INFO]: Preparing spawn area: 27%
[01:33:32] [Worker-Main-11/INFO]: Preparing spawn area: 27%
[01:33:32] [Worker-Main-14/INFO]: Preparing spawn area: 27%
[01:33:34] [Worker-Main-11/INFO]: Preparing spawn area: 27%
[01:33:34] [Worker-Main-11/INFO]: Preparing spawn area: 27%
[01:33:36] [Worker-Main-12/INFO]: Preparing spawn area: 43%
[01:33:36] [Worker-Main-11/INFO]: Preparing spawn area: 43%
[01:33:36] [Worker-Main-14/INFO]: Preparing spawn area: 43%
[01:33:36] [Worker-Main-11/INFO]: Preparing spawn area: 43%
[01:33:36] [Worker-Main-13/INFO]: Preparing spawn area: 53%
[01:33:36] [Worker-Main-13/INFO]: Preparing spawn area: 65%
[01:33:37] [Worker-Main-14/INFO]: Preparing spawn area: 74%
[01:33:37] [Worker-Main-11/INFO]: Preparing spawn area: 86%
[01:33:38] [Worker-Main-8/INFO]: Preparing spawn area: 97%
[01:33:38] [Server thread/INFO]: Time elapsed: 17606 ms
[01:33:38] [Server thread/INFO]: Done (27.708s)! For help, type "help"
[01:33:38] [Server thread/INFO]: Starting remote control listener
[01:33:38] [Server thread/INFO]: Thread RCON Listener started
[01:33:38] [Server thread/INFO]: RCON running on 0.0.0.0:25575
[01:33:47] [User Authenticator #1/INFO]: UUID of player gandalfthegr4y is 2241aa7b-5447-41ed-9772-de238cfa5198
[01:33:47] [Server thread/INFO]: gandalfthegr4y[/10.10.20.222:42070] logged in with entity id 352 at (-6.5, 80.0, -0.5)
[01:33:47] [Server thread/INFO]: gandalfthegr4y joined the game
[01:35:32] [Server thread/INFO]: gandalfthegr4y has made the advancement [Stone Age]
[01:44:05] [Server thread/INFO]: gandalfthegr4y has made the advancement [Sweet Dreams]
[01:45:27] [Server thread/WARN]: Mismatch in destroy block pos: fx{x=21, y=96, z=-6} fx{x=21, y=94, z=-6}
[01:46:46] [Server thread/INFO]: gandalfthegr4y has made the advancement [Getting an Upgrade]
[02:56:56] [Server thread/INFO]: gandalfthegr4y has made the advancement [Acquire Hardware]
[03:04:28] [Server thread/INFO]: gandalfthegr4y has made the advancement [A Seedy Place]
[03:16:55] [Server thread/INFO]: gandalfthegr4y has made the advancement [Isn't It Iron Pick]
[03:42:45] [Server thread/INFO]: gandalfthegr4y has made the advancement [Monster Hunter]
[03:56:41] [Server thread/INFO]: gandalfthegr4y has made the advancement [The Parrots and the Bats]
[06:55:37] [Server thread/INFO]: gandalfthegr4y has made the advancement [Suit Up]
[06:57:46] [Server thread/INFO]: gandalfthegr4y has made the advancement [Hot Stuff]
[07:06:23] [Server thread/INFO]: gandalfthegr4y has made the advancement [We Need to Go Deeper]
[07:09:02] [Server thread/INFO]: gandalfthegr4y lost connection: Disconnected
[07:09:02] [Server thread/INFO]: gandalfthegr4y left the game
[07:09:56] [RCON Listener #1/INFO]: Thread RCON Client /127.0.0.1 started
[07:09:56] [Server thread/INFO]: [Rcon: Stopping the server]
[07:09:56] [RCON Client /127.0.0.1 #2/INFO]: Thread RCON Client /127.0.0.1 shutting down
[07:09:56] [Server thread/INFO]: Stopping server
[07:09:56] [Server thread/INFO]: Saving players
[07:09:56] [Server thread/INFO]: Saving worlds
[07:09:56] [Server thread/INFO]: Saving chunks for level 'ServerLevel[world]'/minecraft:overworld
[07:09:57] [Server thread/INFO]: ThreadedAnvilChunkStorage (world): All chunks are saved
[07:09:57] [Server thread/INFO]: Saving chunks for level 'ServerLevel[world]'/minecraft:the_nether
[07:09:57] [Server thread/INFO]: ThreadedAnvilChunkStorage (DIM-1): All chunks are saved
[07:09:57] [Server thread/INFO]: Saving chunks for level 'ServerLevel[world]'/minecraft:the_end
[07:09:57] [Server thread/INFO]: ThreadedAnvilChunkStorage (DIM1): All chunks are saved
[07:09:57] [Server thread/INFO]: ThreadedAnvilChunkStorage (world): All chunks are saved
[07:09:57] [Server thread/INFO]: ThreadedAnvilChunkStorage (DIM-1): All chunks are saved
[07:09:57] [Server thread/INFO]: ThreadedAnvilChunkStorage (DIM1): All chunks are saved
[07:09:57] [Server thread/INFO]: Thread RCON Listener stopped
