[21:29:23] [main/INFO]: Environment: authHost='https://authserver.mojang.com', accountsHost='https://api.mojang.com', sessionHost='https://sessionserver.mojang.com', servicesHost='https://api.minecraftservices.com', name='PROD'
[21:29:26] [main/WARN]: Ambiguity between arguments [teleport, destination] and [teleport, targets] with inputs: [Player, 0123, @e, dd12be42-52a9-4a91-a8a1-11c01849e498]
[21:29:26] [main/WARN]: Ambiguity between arguments [teleport, location] and [teleport, destination] with inputs: [0.1 -0.5 .9, 0 0 0]
[21:29:26] [main/WARN]: Ambiguity between arguments [teleport, location] and [teleport, targets] with inputs: [0.1 -0.5 .9, 0 0 0]
[21:29:26] [main/WARN]: Ambiguity between arguments [teleport, targets] and [teleport, destination] with inputs: [Player, 0123, dd12be42-52a9-4a91-a8a1-11c01849e498]
[21:29:26] [main/WARN]: Ambiguity between arguments [teleport, targets, location] and [teleport, targets, destination] with inputs: [0.1 -0.5 .9, 0 0 0]
[21:29:26] [main/INFO]: Reloading ResourceManager: Default
[21:29:28] [Worker-Main-12/INFO]: Loaded 7 recipes
[21:29:29] [Worker-Main-12/INFO]: Loaded 927 advancements
[21:29:34] [Server thread/INFO]: Starting minecraft server version 1.16.5
[21:29:34] [Server thread/INFO]: Loading properties
[21:29:34] [Server thread/INFO]: Default game type: SURVIVAL
[21:29:34] [Server thread/INFO]: Generating keypair
[21:29:34] [Server thread/INFO]: Starting Minecraft server on *:25565
[21:29:34] [Server thread/INFO]: Using epoll channel type
[21:29:35] [Server thread/WARN]: **** SERVER IS RUNNING IN OFFLINE/INSECURE MODE!
[21:29:35] [Server thread/WARN]: The server will make no attempt to authenticate usernames. Beware.
[21:29:35] [Server thread/WARN]: While this makes the game possible to play without internet access, it also opens up the ability for hackers to connect with any username they choose.
[21:29:35] [Server thread/WARN]: To change this, set "online-mode" to "true" in the server.properties file.
[21:29:35] [Server thread/INFO]: Preparing level "world"
[21:29:36] [Server thread/INFO]: Preparing start region for dimension minecraft:overworld
[21:29:43] [Server thread/INFO]: Preparing spawn area: 0%
[21:29:43] [Server thread/INFO]: Preparing spawn area: 0%
[21:29:43] [Server thread/INFO]: Preparing spawn area: 0%
[21:29:43] [Server thread/INFO]: Preparing spawn area: 0%
[21:29:43] [Server thread/INFO]: Preparing spawn area: 0%
[21:29:43] [Server thread/INFO]: Preparing spawn area: 0%
[21:29:43] [Server thread/INFO]: Preparing spawn area: 0%
[21:29:43] [Server thread/INFO]: Preparing spawn area: 0%
[21:29:43] [Server thread/INFO]: Preparing spawn area: 0%
[21:29:43] [Server thread/INFO]: Preparing spawn area: 0%
[21:29:43] [Server thread/INFO]: Preparing spawn area: 0%
[21:29:43] [Server thread/INFO]: Preparing spawn area: 0%
[21:29:43] [Server thread/INFO]: Preparing spawn area: 0%
[21:29:43] [Server thread/INFO]: Preparing spawn area: 0%
[21:29:43] [Server thread/INFO]: Preparing spawn area: 5%
[21:29:44] [Server thread/INFO]: Preparing spawn area: 17%
[21:29:44] [Server thread/INFO]: Preparing spawn area: 18%
[21:29:46] [Server thread/INFO]: Time elapsed: 9934 ms
[21:29:46] [Server thread/INFO]: Done (10.631s)! For help, type "help"
[21:29:46] [Server thread/INFO]: Starting remote control listener
[21:29:46] [Server thread/INFO]: Thread RCON Listener started
[21:29:46] [Server thread/INFO]: RCON running on 0.0.0.0:25575
[21:29:50] [Server thread/WARN]: Can't keep up! Is the server overloaded? Running 3551ms or 71 ticks behind
[21:51:32] [RCON Listener #1/INFO]: Thread RCON Client /127.0.0.1 started
[21:51:32] [Server thread/INFO]: [Rcon: Stopping the server]
[21:51:32] [RCON Client /127.0.0.1 #2/INFO]: Thread RCON Client /127.0.0.1 shutting down
[21:51:32] [Server thread/INFO]: Stopping server
[21:51:32] [Server thread/INFO]: Saving players
[21:51:32] [Server thread/INFO]: Saving worlds
[21:51:32] [Server thread/INFO]: Saving chunks for level 'ServerLevel[world]'/minecraft:overworld
[21:51:33] [Server thread/INFO]: ThreadedAnvilChunkStorage (world): All chunks are saved
[21:51:33] [Server thread/INFO]: Saving chunks for level 'ServerLevel[world]'/minecraft:the_nether
[21:51:33] [Server thread/INFO]: ThreadedAnvilChunkStorage (DIM-1): All chunks are saved
[21:51:33] [Server thread/INFO]: Saving chunks for level 'ServerLevel[world]'/minecraft:the_end
[21:51:33] [Server thread/INFO]: ThreadedAnvilChunkStorage (DIM1): All chunks are saved
[21:51:33] [Server thread/INFO]: ThreadedAnvilChunkStorage (world): All chunks are saved
[21:51:33] [Server thread/INFO]: ThreadedAnvilChunkStorage (DIM-1): All chunks are saved
[21:51:33] [Server thread/INFO]: ThreadedAnvilChunkStorage (DIM1): All chunks are saved
[21:51:33] [Server thread/INFO]: Thread RCON Listener stopped
